
> rp@0.1.0 build /home/engine/project/apps/rp
> next build

   ▲ Next.js 15.5.7
   - Environments: .env.local

   Creating an optimized production build ...
 ⚠ Compiled with warnings in 14.8s

../../node_modules/.pnpm/@opentelemetry+instrumentation@0.57.1_@opentelemetry+api@1.9.0/node_modules/@opentelemetry/instrumentation/build/esm/platform/node/instrumentation.js
Critical dependency: the request of a dependency is an expression

Import trace for requested module:
../../node_modules/.pnpm/@opentelemetry+instrumentation@0.57.1_@opentelemetry+api@1.9.0/node_modules/@opentelemetry/instrumentation/build/esm/platform/node/instrumentation.js
../../node_modules/.pnpm/@opentelemetry+instrumentation@0.57.1_@opentelemetry+api@1.9.0/node_modules/@opentelemetry/instrumentation/build/esm/platform/node/index.js
../../node_modules/.pnpm/@opentelemetry+instrumentation@0.57.1_@opentelemetry+api@1.9.0/node_modules/@opentelemetry/instrumentation/build/esm/platform/index.js
../../node_modules/.pnpm/@opentelemetry+instrumentation@0.57.1_@opentelemetry+api@1.9.0/node_modules/@opentelemetry/instrumentation/build/esm/index.js
../../node_modules/.pnpm/@opentelemetry+instrumentation-http@0.57.1_@opentelemetry+api@1.9.0/node_modules/@opentelemetry/instrumentation-http/build/src/http.js
../../node_modules/.pnpm/@opentelemetry+instrumentation-http@0.57.1_@opentelemetry+api@1.9.0/node_modules/@opentelemetry/instrumentation-http/build/src/index.js
../../node_modules/.pnpm/@sentry+node@8.55.0/node_modules/@sentry/node/build/cjs/integrations/http/index.js
../../node_modules/.pnpm/@sentry+node@8.55.0/node_modules/@sentry/node/build/cjs/index.js
../../node_modules/.pnpm/@sentry+nextjs@8.55.0_@opentelemetry+context-async-hooks@1.30.1_@opentelemetry+api@1.9.0__@op_srax7fey3wtqbr3nkhogeve2hi/node_modules/@sentry/nextjs/build/cjs/index.server.js
./app/auth/logout/route.ts

../../node_modules/.pnpm/require-in-the-middle@7.5.2/node_modules/require-in-the-middle/index.js
Critical dependency: require function is used in a way in which dependencies cannot be statically extracted

Import trace for requested module:
../../node_modules/.pnpm/require-in-the-middle@7.5.2/node_modules/require-in-the-middle/index.js
../../node_modules/.pnpm/@opentelemetry+instrumentation@0.57.2_@opentelemetry+api@1.9.0/node_modules/@opentelemetry/instrumentation/build/esm/platform/node/instrumentation.js
../../node_modules/.pnpm/@opentelemetry+instrumentation@0.57.2_@opentelemetry+api@1.9.0/node_modules/@opentelemetry/instrumentation/build/esm/platform/node/index.js
../../node_modules/.pnpm/@opentelemetry+instrumentation@0.57.2_@opentelemetry+api@1.9.0/node_modules/@opentelemetry/instrumentation/build/esm/platform/index.js
../../node_modules/.pnpm/@opentelemetry+instrumentation@0.57.2_@opentelemetry+api@1.9.0/node_modules/@opentelemetry/instrumentation/build/esm/index.js
../../node_modules/.pnpm/@sentry+opentelemetry@8.55.0_@opentelemetry+api@1.9.0_@opentelemetry+context-async-hooks@1.30_xlp5yymgznyjvhdlak2qvgb6lm/node_modules/@sentry/opentelemetry/build/cjs/index.js
../../node_modules/.pnpm/@sentry+nextjs@8.55.0_@opentelemetry+context-async-hooks@1.30.1_@opentelemetry+api@1.9.0__@op_srax7fey3wtqbr3nkhogeve2hi/node_modules/@sentry/nextjs/build/cjs/server/index.js
../../node_modules/.pnpm/@sentry+nextjs@8.55.0_@opentelemetry+context-async-hooks@1.30.1_@opentelemetry+api@1.9.0__@op_srax7fey3wtqbr3nkhogeve2hi/node_modules/@sentry/nextjs/build/cjs/index.server.js
./app/auth/logout/route.ts

 ✓ Compiled successfully in 22.6s
   Linting and checking validity of types ...
   Collecting page data ...
   Generating static pages (0/10) ...
   Generating static pages (2/10) 
   Generating static pages (4/10) 
   Generating static pages (7/10) 
 ✓ Generating static pages (10/10)
   Finalizing page optimization ...
   Collecting build traces ...

Route (app)                                 Size  First Load JS
┌ ƒ /                                      164 B         106 kB
├ ○ /_not-found                            992 B         103 kB
├ ƒ /api/waygate/refresh                   136 B         102 kB
├ ƒ /api/waygate/token                     136 B         102 kB
├ ƒ /auth/login                            136 B         102 kB
├ ƒ /auth/logout                           136 B         102 kB
├ ƒ /callback                              136 B         102 kB
└ ƒ /protected                             164 B         106 kB
+ First Load JS shared by all             102 kB
  ├ chunks/263-6edf8431a2db1c9f.js       45.9 kB
  ├ chunks/63506e3e-611425ac797664a6.js  54.2 kB
  └ other shared chunks (total)           1.9 kB


ƒ Middleware                             33.4 kB

○  (Static)   prerendered as static content
ƒ  (Dynamic)  server-rendered on demand

